<?xml version="1.0" encoding="UTF-8"?>
<testsuite name="ConverterTest" tests="1" skipped="0" failures="0" errors="0" timestamp="2021-01-24T03:04:19" hostname="RS-E6440" time="0.291">
  <properties/>
  <testcase name="start" classname="ConverterTest" time="0.291"/>
  <system-out><![CDATA[?[1;31m
Start test 1?[0m
]]></system-out>
  <system-err><![CDATA[]]></system-err>
</testsuite>
